0 silly argv { _: [ 'clean' ],
0 silly argv   lernaVersion: '3.13.3',
0 silly argv   '$0': 'node_modules\\lerna\\cli.js' }
1 notice cli v3.13.3
2 verbose rootPath C:\Users\Jirin\Documents\NetbeansProjects\rapid-addition\ra-web
3 info versioning independent
4 info Removing the following directories:
5 info clean packages\ra-trader-be\node_modules
5 info clean packages\ra-trader-fe\node_modules
5 info clean packages\ra-web-auth-be\node_modules
5 info clean packages\ra-web-auth-fe\node_modules
5 info clean packages\ra-web-core-be\node_modules
5 info clean packages\ra-web-core-fe\node_modules
5 info clean packages\ra-web-dao\node_modules
5 info clean packages\ra-web-env-be\node_modules
5 info clean packages\ra-web-env-fe\node_modules
5 info clean packages\ra-web-material-fe\node_modules
5 info clean packages\ra-web-modules-fe\node_modules
5 info clean packages\ra-web-monitor-be\node_modules
5 info clean packages\ra-web-monitor-fe\node_modules
5 info clean packages\ra-web-platform-be\node_modules
5 info clean packages\ra-web-platform-fe\node_modules
5 info clean packages\ra-web-shared-fe\node_modules
6 info clean removing C:\Users\Jirin\Documents\NetbeansProjects\rapid-addition\ra-web\packages\ra-trader-be\node_modules
7 silly rimrafDir C:\Users\Jirin\Documents\NetbeansProjects\rapid-addition\ra-web\packages\ra-trader-be\node_modules
8 info clean removing C:\Users\Jirin\Documents\NetbeansProjects\rapid-addition\ra-web\packages\ra-trader-fe\node_modules
9 silly rimrafDir C:\Users\Jirin\Documents\NetbeansProjects\rapid-addition\ra-web\packages\ra-trader-fe\node_modules
10 info clean removing C:\Users\Jirin\Documents\NetbeansProjects\rapid-addition\ra-web\packages\ra-web-auth-be\node_modules
11 silly rimrafDir C:\Users\Jirin\Documents\NetbeansProjects\rapid-addition\ra-web\packages\ra-web-auth-be\node_modules
12 info clean removing C:\Users\Jirin\Documents\NetbeansProjects\rapid-addition\ra-web\packages\ra-web-auth-fe\node_modules
13 silly rimrafDir C:\Users\Jirin\Documents\NetbeansProjects\rapid-addition\ra-web\packages\ra-web-auth-fe\node_modules
14 verbose rimrafDir removed C:\Users\Jirin\Documents\NetbeansProjects\rapid-addition\ra-web\packages\ra-trader-be\node_modules
15 info clean removing C:\Users\Jirin\Documents\NetbeansProjects\rapid-addition\ra-web\packages\ra-web-core-be\node_modules
16 silly rimrafDir C:\Users\Jirin\Documents\NetbeansProjects\rapid-addition\ra-web\packages\ra-web-core-be\node_modules
17 verbose rimrafDir removed C:\Users\Jirin\Documents\NetbeansProjects\rapid-addition\ra-web\packages\ra-web-auth-fe\node_modules
18 info clean removing C:\Users\Jirin\Documents\NetbeansProjects\rapid-addition\ra-web\packages\ra-web-core-fe\node_modules
19 silly rimrafDir C:\Users\Jirin\Documents\NetbeansProjects\rapid-addition\ra-web\packages\ra-web-core-fe\node_modules
20 verbose rimrafDir removed C:\Users\Jirin\Documents\NetbeansProjects\rapid-addition\ra-web\packages\ra-web-auth-be\node_modules
21 info clean removing C:\Users\Jirin\Documents\NetbeansProjects\rapid-addition\ra-web\packages\ra-web-dao\node_modules
22 silly rimrafDir C:\Users\Jirin\Documents\NetbeansProjects\rapid-addition\ra-web\packages\ra-web-dao\node_modules
23 verbose rimrafDir removed C:\Users\Jirin\Documents\NetbeansProjects\rapid-addition\ra-web\packages\ra-web-core-be\node_modules
24 info clean removing C:\Users\Jirin\Documents\NetbeansProjects\rapid-addition\ra-web\packages\ra-web-env-be\node_modules
25 silly rimrafDir C:\Users\Jirin\Documents\NetbeansProjects\rapid-addition\ra-web\packages\ra-web-env-be\node_modules
26 verbose rimrafDir removed C:\Users\Jirin\Documents\NetbeansProjects\rapid-addition\ra-web\packages\ra-web-dao\node_modules
27 info clean removing C:\Users\Jirin\Documents\NetbeansProjects\rapid-addition\ra-web\packages\ra-web-env-fe\node_modules
28 silly rimrafDir C:\Users\Jirin\Documents\NetbeansProjects\rapid-addition\ra-web\packages\ra-web-env-fe\node_modules
29 verbose rimrafDir removed C:\Users\Jirin\Documents\NetbeansProjects\rapid-addition\ra-web\packages\ra-web-core-fe\node_modules
30 info clean removing C:\Users\Jirin\Documents\NetbeansProjects\rapid-addition\ra-web\packages\ra-web-material-fe\node_modules
31 silly rimrafDir C:\Users\Jirin\Documents\NetbeansProjects\rapid-addition\ra-web\packages\ra-web-material-fe\node_modules
32 info clean removing C:\Users\Jirin\Documents\NetbeansProjects\rapid-addition\ra-web\packages\ra-web-modules-fe\node_modules
33 silly rimrafDir C:\Users\Jirin\Documents\NetbeansProjects\rapid-addition\ra-web\packages\ra-web-modules-fe\node_modules
34 info clean removing C:\Users\Jirin\Documents\NetbeansProjects\rapid-addition\ra-web\packages\ra-web-monitor-be\node_modules
35 silly rimrafDir C:\Users\Jirin\Documents\NetbeansProjects\rapid-addition\ra-web\packages\ra-web-monitor-be\node_modules
36 verbose rimrafDir removed C:\Users\Jirin\Documents\NetbeansProjects\rapid-addition\ra-web\packages\ra-web-material-fe\node_modules
37 info clean removing C:\Users\Jirin\Documents\NetbeansProjects\rapid-addition\ra-web\packages\ra-web-monitor-fe\node_modules
38 silly rimrafDir C:\Users\Jirin\Documents\NetbeansProjects\rapid-addition\ra-web\packages\ra-web-monitor-fe\node_modules
39 verbose rimrafDir removed C:\Users\Jirin\Documents\NetbeansProjects\rapid-addition\ra-web\packages\ra-web-env-be\node_modules
40 info clean removing C:\Users\Jirin\Documents\NetbeansProjects\rapid-addition\ra-web\packages\ra-web-platform-be\node_modules
41 silly rimrafDir C:\Users\Jirin\Documents\NetbeansProjects\rapid-addition\ra-web\packages\ra-web-platform-be\node_modules
42 verbose rimrafDir removed C:\Users\Jirin\Documents\NetbeansProjects\rapid-addition\ra-web\packages\ra-web-monitor-be\node_modules
43 info clean removing C:\Users\Jirin\Documents\NetbeansProjects\rapid-addition\ra-web\packages\ra-web-platform-fe\node_modules
44 silly rimrafDir C:\Users\Jirin\Documents\NetbeansProjects\rapid-addition\ra-web\packages\ra-web-platform-fe\node_modules
45 verbose rimrafDir removed C:\Users\Jirin\Documents\NetbeansProjects\rapid-addition\ra-web\packages\ra-web-platform-fe\node_modules
46 info clean removing C:\Users\Jirin\Documents\NetbeansProjects\rapid-addition\ra-web\packages\ra-web-shared-fe\node_modules
47 silly rimrafDir C:\Users\Jirin\Documents\NetbeansProjects\rapid-addition\ra-web\packages\ra-web-shared-fe\node_modules
48 verbose rimrafDir removed C:\Users\Jirin\Documents\NetbeansProjects\rapid-addition\ra-web\packages\ra-web-platform-be\node_modules
49 verbose rimrafDir removed C:\Users\Jirin\Documents\NetbeansProjects\rapid-addition\ra-web\packages\ra-web-monitor-fe\node_modules
50 verbose rimrafDir removed C:\Users\Jirin\Documents\NetbeansProjects\rapid-addition\ra-web\packages\ra-web-shared-fe\node_modules
51 error Error: Command failed: C:\Program Files\nodejs\node.exe C:\Users\Jirin\Documents\NetbeansProjects\rapid-addition\ra-web\node_modules\rimraf\bin.js --no-glob C:\Users\Jirin\Documents\NetbeansProjects\rapid-addition\ra-web\packages\ra-trader-fe\node_modules\
51 error     at makeError (C:\Users\Jirin\Documents\NetbeansProjects\rapid-addition\ra-web\node_modules\@lerna\child-process\node_modules\execa\index.js:174:9)
51 error     at Promise.all.then.arr (C:\Users\Jirin\Documents\NetbeansProjects\rapid-addition\ra-web\node_modules\@lerna\child-process\node_modules\execa\index.js:278:16)
